<?xml version="1.0" encoding="UTF-8"?>

<SystemDescription name="Xilinx zynq-7010">
  <CPU task="standalone" name="zynq">
    <CPUConfig>DDR</CPUConfig>
  </CPU>
  <Memory name="bram" mode="controller">
    <MemoryConfig>Single Port</MemoryConfig>
  </Memory>
  <CommMedium type="bus">axi</CommMedium>
</SystemDescription>






